C51 COMPILER V9.54   MAIN                                                                  02/26/2016 10:14:01 PAGE 1   


C51 COMPILER V9.54, COMPILATION OF MODULE MAIN
OBJECT MODULE PLACED IN .\Objects\main.obj
COMPILER INVOKED BY: C:\Keil_v5\C51\BIN\C51.EXE main.c OPTIMIZE(8,SPEED) BROWSE DEBUG OBJECTEXTEND PRINT(.\Listings\main
                    -.lst) OBJECT(.\Objects\main.obj)

line level    source

   1          #include<reg52.h>
   2          #include"I2C.h"
   3          
   4          
   5          
   6          void main()
   7          {
   8   1          unsigned char p,q;
   9   1          q = 0xa0;
  10   1      //    I2C_ByteWrite(0x5f,0x04,q);
  11   1          p = I2C_ByteRead(0xa0,0x04);
  12   1          while(1)
  13   1          {
  14   2              P2 = p;
  15   2          }
  16   1      //    I2C_ByteWrite(0x0a,0x01,0x87);
  17   1      //    p = I2C_ByteRead(0x34,0x43);
  18   1      //    q = I2C_ImByteRead(0x32);
  19   1      }


MODULE INFORMATION:   STATIC OVERLAYABLE
   CODE SIZE        =     16    ----
   CONSTANT SIZE    =   ----    ----
   XDATA SIZE       =   ----    ----
   PDATA SIZE       =   ----    ----
   DATA SIZE        =   ----       1
   IDATA SIZE       =   ----    ----
   BIT SIZE         =   ----    ----
END OF MODULE INFORMATION.


C51 COMPILATION COMPLETE.  0 WARNING(S),  0 ERROR(S)
